This is pdfTeX, Version 3.14159265-2.6-1.40.17 (MiKTeX 2.9.6210 64-bit) (preloaded format=pdflatex 2017.1.17)  5 DEC 2017 16:31
entering extended mode
**./Report.tex
(Report.tex
LaTeX2e <2016/03/31> patch level 3
Babel <3.9r> and hyphenation patterns for 75 language(s) loaded.
("D:\Program Files\MiKTeX 2.9\tex\latex\base\article.cls"
Document Class: article 2014/09/29 v1.4h Standard LaTeX document class
("D:\Program Files\MiKTeX 2.9\tex\latex\base\size10.clo"
File: size10.clo 2014/09/29 v1.4h Standard LaTeX file (size option)
)
\c@part=\count79
\c@section=\count80
\c@subsection=\count81
\c@subsubsection=\count82
\c@paragraph=\count83
\c@subparagraph=\count84
\c@figure=\count85
\c@table=\count86
\abovecaptionskip=\skip41
\belowcaptionskip=\skip42
\bibindent=\dimen102
)
("D:\Program Files\MiKTeX 2.9\tex\latex\amsmath\amsmath.sty"
Package: amsmath 2016/06/28 v2.15d AMS math features
\@mathmargin=\skip43

For additional information on amsmath, use the `?' option.
("D:\Program Files\MiKTeX 2.9\tex\latex\amsmath\amstext.sty"
Package: amstext 2000/06/29 v2.01 AMS text

("D:\Program Files\MiKTeX 2.9\tex\latex\amsmath\amsgen.sty"
File: amsgen.sty 1999/11/30 v2.0 generic functions
\@emptytoks=\toks14
\ex@=\dimen103
))
("D:\Program Files\MiKTeX 2.9\tex\latex\amsmath\amsbsy.sty"
Package: amsbsy 1999/11/29 v1.2d Bold Symbols
\pmbraise@=\dimen104
)
("D:\Program Files\MiKTeX 2.9\tex\latex\amsmath\amsopn.sty"
Package: amsopn 2016/03/08 v2.02 operator names
)
\inf@bad=\count87
LaTeX Info: Redefining \frac on input line 199.
\uproot@=\count88
\leftroot@=\count89
LaTeX Info: Redefining \overline on input line 297.
\classnum@=\count90
\DOTSCASE@=\count91
LaTeX Info: Redefining \ldots on input line 394.
LaTeX Info: Redefining \dots on input line 397.
LaTeX Info: Redefining \cdots on input line 518.
\Mathstrutbox@=\box26
\strutbox@=\box27
\big@size=\dimen105
LaTeX Font Info:    Redeclaring font encoding OML on input line 634.
LaTeX Font Info:    Redeclaring font encoding OMS on input line 635.
\macc@depth=\count92
\c@MaxMatrixCols=\count93
\dotsspace@=\muskip10
\c@parentequation=\count94
\dspbrk@lvl=\count95
\tag@help=\toks15
\row@=\count96
\column@=\count97
\maxfields@=\count98
\andhelp@=\toks16
\eqnshift@=\dimen106
\alignsep@=\dimen107
\tagshift@=\dimen108
\tagwidth@=\dimen109
\totwidth@=\dimen110
\lineht@=\dimen111
\@envbody=\toks17
\multlinegap=\skip44
\multlinetaggap=\skip45
\mathdisplay@stack=\toks18
LaTeX Info: Redefining \[ on input line 2739.
LaTeX Info: Redefining \] on input line 2740.
)
("D:\Program Files\MiKTeX 2.9\tex\latex\amscls\amsthm.sty"
Package: amsthm 2015/03/04 v2.20.2
\thm@style=\toks19
\thm@bodyfont=\toks20
\thm@headfont=\toks21
\thm@notefont=\toks22
\thm@headpunct=\toks23
\thm@preskip=\skip46
\thm@postskip=\skip47
\thm@headsep=\skip48
\dth@everypar=\toks24
)
("D:\Program Files\MiKTeX 2.9\tex\latex\amsfonts\amssymb.sty"
Package: amssymb 2013/01/14 v3.01 AMS font symbols

("D:\Program Files\MiKTeX 2.9\tex\latex\amsfonts\amsfonts.sty"
Package: amsfonts 2013/01/14 v3.01 Basic AMSFonts support
\symAMSa=\mathgroup4
\symAMSb=\mathgroup5
LaTeX Font Info:    Overwriting math alphabet `\mathfrak' in version `bold'
(Font)                  U/euf/m/n --> U/euf/b/n on input line 106.
))
("D:\Program Files\MiKTeX 2.9\tex\latex\bera\bera.sty"
Package: bera 2004/01/31 (WaS)

("D:\Program Files\MiKTeX 2.9\tex\latex\base\fontenc.sty"
Package: fontenc 2016/06/19 v1.99m Standard LaTeX package

("D:\Program Files\MiKTeX 2.9\tex\latex\base\t1enc.def"
File: t1enc.def 2016/06/19 v1.99m Standard LaTeX file
LaTeX Font Info:    Redeclaring font encoding T1 on input line 48.
))
("D:\Program Files\MiKTeX 2.9\tex\latex\base\textcomp.sty"
Package: textcomp 2016/06/19 v1.99m Standard LaTeX package
Package textcomp Info: Sub-encoding information:
(textcomp)               5 = only ISO-Adobe without \textcurrency
(textcomp)               4 = 5 + \texteuro
(textcomp)               3 = 4 + \textohm
(textcomp)               2 = 3 + \textestimated + \textcurrency
(textcomp)               1 = TS1 - \textcircled - \t
(textcomp)               0 = TS1 (full)
(textcomp)             Font families with sub-encoding setting implement
(textcomp)             only a restricted character set as indicated.
(textcomp)             Family '?' is the default used for unknown fonts.
(textcomp)             See the documentation for details.
Package textcomp Info: Setting ? sub-encoding to TS1/1 on input line 79.

("D:\Program Files\MiKTeX 2.9\tex\latex\base\ts1enc.def"
File: ts1enc.def 2001/06/05 v3.0e (jk/car/fm) Standard LaTeX file
)
LaTeX Info: Redefining \oldstylenums on input line 334.
Package textcomp Info: Setting cmr sub-encoding to TS1/0 on input line 349.
Package textcomp Info: Setting cmss sub-encoding to TS1/0 on input line 350.
Package textcomp Info: Setting cmtt sub-encoding to TS1/0 on input line 351.
Package textcomp Info: Setting cmvtt sub-encoding to TS1/0 on input line 352.
Package textcomp Info: Setting cmbr sub-encoding to TS1/0 on input line 353.
Package textcomp Info: Setting cmtl sub-encoding to TS1/0 on input line 354.
Package textcomp Info: Setting ccr sub-encoding to TS1/0 on input line 355.
Package textcomp Info: Setting ptm sub-encoding to TS1/4 on input line 356.
Package textcomp Info: Setting pcr sub-encoding to TS1/4 on input line 357.
Package textcomp Info: Setting phv sub-encoding to TS1/4 on input line 358.
Package textcomp Info: Setting ppl sub-encoding to TS1/3 on input line 359.
Package textcomp Info: Setting pag sub-encoding to TS1/4 on input line 360.
Package textcomp Info: Setting pbk sub-encoding to TS1/4 on input line 361.
Package textcomp Info: Setting pnc sub-encoding to TS1/4 on input line 362.
Package textcomp Info: Setting pzc sub-encoding to TS1/4 on input line 363.
Package textcomp Info: Setting bch sub-encoding to TS1/4 on input line 364.
Package textcomp Info: Setting put sub-encoding to TS1/5 on input line 365.
Package textcomp Info: Setting uag sub-encoding to TS1/5 on input line 366.
Package textcomp Info: Setting ugq sub-encoding to TS1/5 on input line 367.
Package textcomp Info: Setting ul8 sub-encoding to TS1/4 on input line 368.
Package textcomp Info: Setting ul9 sub-encoding to TS1/4 on input line 369.
Package textcomp Info: Setting augie sub-encoding to TS1/5 on input line 370.
Package textcomp Info: Setting dayrom sub-encoding to TS1/3 on input line 371.
Package textcomp Info: Setting dayroms sub-encoding to TS1/3 on input line 372.

Package textcomp Info: Setting pxr sub-encoding to TS1/0 on input line 373.
Package textcomp Info: Setting pxss sub-encoding to TS1/0 on input line 374.
Package textcomp Info: Setting pxtt sub-encoding to TS1/0 on input line 375.
Package textcomp Info: Setting txr sub-encoding to TS1/0 on input line 376.
Package textcomp Info: Setting txss sub-encoding to TS1/0 on input line 377.
Package textcomp Info: Setting txtt sub-encoding to TS1/0 on input line 378.
Package textcomp Info: Setting lmr sub-encoding to TS1/0 on input line 379.
Package textcomp Info: Setting lmdh sub-encoding to TS1/0 on input line 380.
Package textcomp Info: Setting lmss sub-encoding to TS1/0 on input line 381.
Package textcomp Info: Setting lmssq sub-encoding to TS1/0 on input line 382.
Package textcomp Info: Setting lmvtt sub-encoding to TS1/0 on input line 383.
Package textcomp Info: Setting lmtt sub-encoding to TS1/0 on input line 384.
Package textcomp Info: Setting qhv sub-encoding to TS1/0 on input line 385.
Package textcomp Info: Setting qag sub-encoding to TS1/0 on input line 386.
Package textcomp Info: Setting qbk sub-encoding to TS1/0 on input line 387.
Package textcomp Info: Setting qcr sub-encoding to TS1/0 on input line 388.
Package textcomp Info: Setting qcs sub-encoding to TS1/0 on input line 389.
Package textcomp Info: Setting qpl sub-encoding to TS1/0 on input line 390.
Package textcomp Info: Setting qtm sub-encoding to TS1/0 on input line 391.
Package textcomp Info: Setting qzc sub-encoding to TS1/0 on input line 392.
Package textcomp Info: Setting qhvc sub-encoding to TS1/0 on input line 393.
Package textcomp Info: Setting futs sub-encoding to TS1/4 on input line 394.
Package textcomp Info: Setting futx sub-encoding to TS1/4 on input line 395.
Package textcomp Info: Setting futj sub-encoding to TS1/4 on input line 396.
Package textcomp Info: Setting hlh sub-encoding to TS1/3 on input line 397.
Package textcomp Info: Setting hls sub-encoding to TS1/3 on input line 398.
Package textcomp Info: Setting hlst sub-encoding to TS1/3 on input line 399.
Package textcomp Info: Setting hlct sub-encoding to TS1/5 on input line 400.
Package textcomp Info: Setting hlx sub-encoding to TS1/5 on input line 401.
Package textcomp Info: Setting hlce sub-encoding to TS1/5 on input line 402.
Package textcomp Info: Setting hlcn sub-encoding to TS1/5 on input line 403.
Package textcomp Info: Setting hlcw sub-encoding to TS1/5 on input line 404.
Package textcomp Info: Setting hlcf sub-encoding to TS1/5 on input line 405.
Package textcomp Info: Setting pplx sub-encoding to TS1/3 on input line 406.
Package textcomp Info: Setting pplj sub-encoding to TS1/3 on input line 407.
Package textcomp Info: Setting ptmx sub-encoding to TS1/4 on input line 408.
Package textcomp Info: Setting ptmj sub-encoding to TS1/4 on input line 409.
)
("D:\Program Files\MiKTeX 2.9\tex\latex\bera\beraserif.sty"
Package: beraserif 2004/01/30 (WaS)

("D:\Program Files\MiKTeX 2.9\tex\latex\graphics\keyval.sty"
Package: keyval 2014/10/28 v1.15 key=value parser (DPC)
\KV@toks@=\toks25
)
LaTeX Font Info:    Try loading font information for T1+fve on input line 30.

("D:\Program Files\MiKTeX 2.9\tex\latex\bera\t1fve.fd"
File: t1fve.fd 2004/09/07 scalable font definitions for T1/fve.
)
LaTeX Font Info:    Font shape `T1/fve/m/n' will be
(Font)              scaled to size 8.99994pt on input line 30.
)
("D:\Program Files\MiKTeX 2.9\tex\latex\bera\berasans.sty"
Package: berasans 2004/01/30 (WaS)
)
("D:\Program Files\MiKTeX 2.9\tex\latex\bera\beramono.sty"
Package: beramono 2004/01/31 (WaS)
))
("D:\Program Files\MiKTeX 2.9\tex\latex\graphics\graphicx.sty"
Package: graphicx 2014/10/28 v1.0g Enhanced LaTeX Graphics (DPC,SPQR)

("D:\Program Files\MiKTeX 2.9\tex\latex\graphics\graphics.sty"
Package: graphics 2016/07/10 v1.0t Standard LaTeX Graphics (DPC,SPQR)

("D:\Program Files\MiKTeX 2.9\tex\latex\graphics\trig.sty"
Package: trig 2016/01/03 v1.10 sin cos tan (DPC)
)
("D:\Program Files\MiKTeX 2.9\tex\latex\graphics-cfg\graphics.cfg"
File: graphics.cfg 2016/06/04 v1.11 sample graphics configuration
)
Package graphics Info: Driver file: pdftex.def on input line 99.

("D:\Program Files\MiKTeX 2.9\tex\latex\graphics-def\pdftex.def"
File: pdftex.def 2016/07/10 v0.06j Graphics/color for pdfTeX

("D:\Program Files\MiKTeX 2.9\tex\generic\oberdiek\infwarerr.sty"
Package: infwarerr 2016/05/16 v1.4 Providing info/warning/error messages (HO)
)
("D:\Program Files\MiKTeX 2.9\tex\generic\oberdiek\ltxcmds.sty"
Package: ltxcmds 2016/05/16 v1.23 LaTeX kernel commands for general use (HO)
)
\Gread@gobject=\count99
))
\Gin@req@height=\dimen112
\Gin@req@width=\dimen113
)
("D:\Program Files\MiKTeX 2.9\tex\latex\breqn\breqn.sty"
("D:\Program Files\MiKTeX 2.9\tex\latex\l3kernel\expl3.sty"
Package: expl3 2017/05/29 L3 programming layer (loader) 

("D:\Program Files\MiKTeX 2.9\tex\latex\l3kernel\expl3-code.tex"
Package: expl3 2017/05/29 L3 programming layer (code)
\c_max_int=\count100
\l_tmpa_int=\count101
\l_tmpb_int=\count102
\g_tmpa_int=\count103
\g_tmpb_int=\count104
\g__intarray_font_int=\count105
\g__prg_map_int=\count106
\c_log_iow=\count107
\l_iow_line_count_int=\count108
\l__iow_line_target_int=\count109
\l__iow_one_indent_int=\count110
\l__iow_indent_int=\count111
\c_zero_dim=\dimen114
\c_max_dim=\dimen115
\l_tmpa_dim=\dimen116
\l_tmpb_dim=\dimen117
\g_tmpa_dim=\dimen118
\g_tmpb_dim=\dimen119
\c_zero_skip=\skip49
\c_max_skip=\skip50
\l_tmpa_skip=\skip51
\l_tmpb_skip=\skip52
\g_tmpa_skip=\skip53
\g_tmpb_skip=\skip54
\c_zero_muskip=\muskip11
\c_max_muskip=\muskip12
\l_tmpa_muskip=\muskip13
\l_tmpb_muskip=\muskip14
\g_tmpa_muskip=\muskip15
\g_tmpb_muskip=\muskip16
\l_keys_choice_int=\count112
\c__fp_leading_shift_int=\count113
\c__fp_middle_shift_int=\count114
\c__fp_trailing_shift_int=\count115
\c__fp_big_leading_shift_int=\count116
\c__fp_big_middle_shift_int=\count117
\c__fp_big_trailing_shift_int=\count118
\c__fp_Bigg_leading_shift_int=\count119
\c__fp_Bigg_middle_shift_int=\count120
\c__fp_Bigg_trailing_shift_int=\count121
\c__fp_rand_size_int=\count122
\c__fp_rand_four_int=\count123
\c__fp_rand_eight_int=\count124
\l__sort_length_int=\count125
\l__sort_min_int=\count126
\l__sort_top_int=\count127
\l__sort_max_int=\count128
\l__sort_true_max_int=\count129
\l__sort_block_int=\count130
\l__sort_begin_int=\count131
\l__sort_end_int=\count132
\l__sort_A_int=\count133
\l__sort_B_int=\count134
\l__sort_C_int=\count135
\l__tl_build_start_index_int=\count136
\l__tl_build_index_int=\count137
\l__tl_analysis_normal_int=\count138
\l__tl_analysis_index_int=\count139
\l__tl_analysis_nesting_int=\count140
\l__tl_analysis_type_int=\count141
\l__regex_internal_a_int=\count142
\l__regex_internal_b_int=\count143
\l__regex_internal_c_int=\count144
\l__regex_balance_int=\count145
\l__regex_group_level_int=\count146
\l__regex_mode_int=\count147
\c__regex_cs_in_class_mode_int=\count148
\c__regex_cs_mode_int=\count149
\l__regex_catcodes_int=\count150
\l__regex_default_catcodes_int=\count151
\c__regex_catcode_D_int=\count152
\c__regex_catcode_S_int=\count153
\c__regex_catcode_L_int=\count154
\c__regex_catcode_O_int=\count155
\c__regex_catcode_A_int=\count156
\c__regex_all_catcodes_int=\count157
\l__regex_show_lines_int=\count158
\l__regex_min_state_int=\count159
\l__regex_max_state_int=\count160
\l__regex_left_state_int=\count161
\l__regex_right_state_int=\count162
\l__regex_capturing_group_int=\count163
\l__regex_min_pos_int=\count164
\l__regex_max_pos_int=\count165
\l__regex_current_pos_int=\count166
\l__regex_start_pos_int=\count167
\l__regex_success_pos_int=\count168
\l__regex_current_char_int=\count169
\l__regex_current_catcode_int=\count170
\l__regex_last_char_int=\count171
\l__regex_case_changed_char_int=\count172
\l__regex_current_state_int=\count173
\l__regex_step_int=\count174
\l__regex_min_active_int=\count175
\l__regex_max_active_int=\count176
\l__regex_replacement_csnames_int=\count177
\l__regex_match_count_int=\count178
\l__regex_min_submatch_int=\count179
\l__regex_submatch_int=\count180
\l__regex_zeroth_submatch_int=\count181
\c_empty_box=\box28
\l_tmpa_box=\box29
\l_tmpb_box=\box30
\g_tmpa_box=\box31
\g_tmpb_box=\box32
\l__box_top_dim=\dimen120
\l__box_bottom_dim=\dimen121
\l__box_left_dim=\dimen122
\l__box_right_dim=\dimen123
\l__box_top_new_dim=\dimen124
\l__box_bottom_new_dim=\dimen125
\l__box_left_new_dim=\dimen126
\l__box_right_new_dim=\dimen127
\l__box_internal_box=\box33
\l__coffin_internal_box=\box34
\l__coffin_internal_dim=\dimen128
\l__coffin_offset_x_dim=\dimen129
\l__coffin_offset_y_dim=\dimen130
\l__coffin_x_dim=\dimen131
\l__coffin_y_dim=\dimen132
\l__coffin_x_prime_dim=\dimen133
\l__coffin_y_prime_dim=\dimen134
\c_empty_coffin=\box35
\l__coffin_aligned_coffin=\box36
\l__coffin_aligned_internal_coffin=\box37
\l_tmpa_coffin=\box38
\l_tmpb_coffin=\box39
\l__coffin_display_coffin=\box40
\l__coffin_display_coord_coffin=\box41
\l__coffin_display_pole_coffin=\box42
\l__coffin_display_offset_dim=\dimen135
\l__coffin_display_x_dim=\dimen136
\l__coffin_display_y_dim=\dimen137
\l__coffin_bounding_shift_dim=\dimen138
\l__coffin_left_corner_dim=\dimen139
\l__coffin_right_corner_dim=\dimen140
\l__coffin_bottom_corner_dim=\dimen141
\l__coffin_top_corner_dim=\dimen142
\l__coffin_scaled_total_height_dim=\dimen143
\l__coffin_scaled_width_dim=\dimen144
)
("D:\Program Files\MiKTeX 2.9\tex\latex\l3kernel\l3pdfmode.def"
File: l3pdfmode.def 2017/03/18 v L3 Experimental driver: PDF mode
\l__driver_color_stack_int=\count182
\l__driver_tmp_box=\box43
))
Package: breqn 2017/01/27 v0.98e Breaking equations

("D:\Program Files\MiKTeX 2.9\tex\latex\breqn\flexisym.sty"
Package: flexisym 2017/01/27 v0.98e Make math characters macros
LaTeX Info: Redefining \textprime on input line 300.
LaTeX Info: Redefining \not on input line 358.

("D:\Program Files\MiKTeX 2.9\tex\latex\breqn\cmbase.sym"
File: cmbase.sym 2007/12/19 v0.92
LaTeX Info: Redefining \hbar on input line 325.
LaTeX Info: Redefining \surd on input line 327.
LaTeX Info: Redefining \angle on input line 335.
LaTeX Info: Redefining \neq on input line 336.
LaTeX Info: Redefining \mapsto on input line 337.
LaTeX Info: Redefining \cong on input line 338.
LaTeX Info: Redefining \notin on input line 341.
LaTeX Info: Redefining \rightleftharpoons on input line 342.
LaTeX Info: Redefining \doteq on input line 343.
LaTeX Info: Redefining \hookrightarrow on input line 344.
LaTeX Info: Redefining \hookleftarrow on input line 345.
LaTeX Info: Redefining \bowtie on input line 346.
LaTeX Info: Redefining \models on input line 347.
LaTeX Info: Redefining \Longrightarrow on input line 348.
LaTeX Info: Redefining \longrightarrow on input line 349.
LaTeX Info: Redefining \Longleftarrow on input line 350.
LaTeX Info: Redefining \longleftarrow on input line 351.
LaTeX Info: Redefining \longmapsto on input line 352.
LaTeX Info: Redefining \longleftrightarrow on input line 353.
LaTeX Info: Redefining \Longleftrightarrow on input line 354.
LaTeX Info: Redefining \cdots on input line 358.
LaTeX Info: Redefining \vdots on input line 361.
LaTeX Info: Redefining \ddots on input line 366.
)
("D:\Program Files\MiKTeX 2.9\tex\latex\breqn\mathstyle.sty"
Package: mathstyle 2017/01/27 0.98e Tracking mathstyle implicitly
LaTeX Info: Redefining \displaystyle on input line 93.
LaTeX Info: Redefining \textstyle on input line 95.
LaTeX Info: Redefining \scriptstyle on input line 97.
LaTeX Info: Redefining \scriptscriptstyle on input line 99.
LaTeX Info: Redefining \genfrac on input line 145.
))
("D:\Program Files\MiKTeX 2.9\tex\latex\tools\calc.sty"
Package: calc 2014/10/28 v4.3 Infix arithmetic (KKT,FJ)
\calc@Acount=\count183
\calc@Bcount=\count184
\calc@Adimen=\dimen145
\calc@Bdimen=\dimen146
\calc@Askip=\skip55
\calc@Bskip=\skip56
LaTeX Info: Redefining \setlength on input line 80.
LaTeX Info: Redefining \addtolength on input line 81.
\calc@Ccount=\count185
\calc@Cskip=\skip57
)
\inf@bad=\count186
\maxint=\count187
\listwidth=\dimen147
\eqnumsep=\dimen148
\eqmargin=\dimen149
\eqlinespacing=\skip58
\eqlineskip=\skip59
\eqlineskiplimit=\dimen150
\eqbinoffset=\muskip17
\eqdelimoffset=\muskip18
\eqindentstep=\dimen151
\eqstyle=\toks26
\eqbreakdepth=\count188
\eqinterlinepenalty=\count189
\intereqpenalty=\count190
\intereqskip=\skip60
\prerelpenalty=\count191
\prebinoppenalty=\count192
\Dmedmuskip=\muskip19
\Dthickmuskip=\muskip20
\eqleftskip=\skip61
\eqrightskip=\skip62
\eq@vspan=\skip63
\eq@binoffset=\muskip21
\EQ@box=\box44
\EQ@copy=\box45
\EQ@numbox=\box46
\eq@wdNum=\dimen152
\GRP@numbox=\box47
\grp@wdNum=\dimen153
\eq@lines=\count193
\eq@curline=\count194
\eq@badness=\count195
\EQ@vims=\count196
\eq@dp=\dimen154
\eq@wdL=\dimen155
\eq@wdT=\dimen156
\eq@wdMin=\dimen157
\grp@wdL=\dimen158
\grp@wdR=\dimen159
\grp@wdT=\dimen160
\eq@wdRmax=\dimen161
\eq@firstht=\dimen162
\eq@wdCond=\dimen163
\eq@indentstep=\dimen164
\eq@linewidth=\dimen165
\grp@linewidth=\dimen166
\eq@hshift=\dimen167
\eq@given@sidespace=\dimen168
\mathindent=\dimen169
\eq@final@linecount=\count197
\eq@wdR=\dimen170
\EQ@continue=\toks27
\lr@level=\count198
\GRP@queue=\toks28
\GRP@box=\box48
\GRP@wholebox=\box49
\darraycolsep=\skip64
\cur@row=\count199
\cur@col=\count266
\conditionsep=\skip65
)
("D:\Program Files\MiKTeX 2.9\tex\latex\base\fontenc.sty"
Package: fontenc 2016/06/19 v1.99m Standard LaTeX package

("D:\Program Files\MiKTeX 2.9\tex\latex\base\t1enc.def"
File: t1enc.def 2016/06/19 v1.99m Standard LaTeX file
LaTeX Font Info:    Redeclaring font encoding T1 on input line 48.
))
("D:\Program Files\MiKTeX 2.9\tex\latex\enumitem\enumitem.sty"
Package: enumitem 2011/09/28 v3.5.2 Customized lists
\labelindent=\skip66
\enit@outerparindent=\dimen171
\enit@toks=\toks29
\enit@inbox=\box50
\enitdp@description=\count267
)
("D:\Program Files\MiKTeX 2.9\tex\latex\listings\listings.sty"
\lst@mode=\count268
\lst@gtempboxa=\box51
\lst@token=\toks30
\lst@length=\count269
\lst@currlwidth=\dimen172
\lst@column=\count270
\lst@pos=\count271
\lst@lostspace=\dimen173
\lst@width=\dimen174
\lst@newlines=\count272
\lst@lineno=\count273
\lst@maxwidth=\dimen175

("D:\Program Files\MiKTeX 2.9\tex\latex\listings\lstmisc.sty"
File: lstmisc.sty 2015/06/04 1.6 (Carsten Heinz)
\c@lstnumber=\count274
\lst@skipnumbers=\count275
\lst@framebox=\box52
)
("D:\Program Files\MiKTeX 2.9\tex\latex\listings\listings.cfg"
File: listings.cfg 2015/06/04 1.6 listings configuration
))
Package: listings 2015/06/04 1.6 (Carsten Heinz)

("D:\Program Files\MiKTeX 2.9\tex\latex\graphics\color.sty"
Package: color 2016/07/10 v1.1e Standard LaTeX Color (DPC)

("D:\Program Files\MiKTeX 2.9\tex\latex\graphics-cfg\color.cfg"
File: color.cfg 2016/01/02 v1.6 sample color configuration
)
Package color Info: Driver file: pdftex.def on input line 147.
)
("D:\Program Files\MiKTeX 2.9\tex\latex\listings\lstlang1.sty"
File: lstlang1.sty 2015/06/04 1.6 listings language file
)
(C:/PROGRA~1/R/R-34~1.2/share/texmf/tex/latex\Sweave.sty
Package: Sweave 

("D:\Program Files\MiKTeX 2.9\tex\latex\base\ifthen.sty"
Package: ifthen 2014/09/29 v1.1c Standard LaTeX ifthen package (DPC)
)
("D:\Program Files\MiKTeX 2.9\tex\latex\fancyvrb\fancyvrb.sty"
Package: fancyvrb 2008/02/07

Style option: `fancyvrb' v2.7a, with DG/SPQR fixes, and firstline=lastline fix 
<2008/02/07> (tvz)
\FV@CodeLineNo=\count276
\FV@InFile=\read1
\FV@TabBox=\box53
\c@FancyVerbLine=\count277
\FV@StepNumber=\count278
\FV@OutFile=\write3
) ("D:\Program Files\MiKTeX 2.9\tex\latex\base\fontenc.sty"
Package: fontenc 2016/06/19 v1.99m Standard LaTeX package

("D:\Program Files\MiKTeX 2.9\tex\latex\base\t1enc.def"
File: t1enc.def 2016/06/19 v1.99m Standard LaTeX file
LaTeX Font Info:    Redeclaring font encoding T1 on input line 48.
))
("D:\Program Files\MiKTeX 2.9\tex\latex\ae\ae.sty"
Package: ae 2001/02/12 1.3 Almost European Computer Modern

("D:\Program Files\MiKTeX 2.9\tex\latex\base\fontenc.sty"
Package: fontenc 2016/06/19 v1.99m Standard LaTeX package

("D:\Program Files\MiKTeX 2.9\tex\latex\base\t1enc.def"
File: t1enc.def 2016/06/19 v1.99m Standard LaTeX file
LaTeX Font Info:    Redeclaring font encoding T1 on input line 48.
)
LaTeX Font Info:    Try loading font information for T1+aer on input line 105.

("D:\Program Files\MiKTeX 2.9\tex\latex\ae\t1aer.fd"
File: t1aer.fd 1997/11/16 Font definitions for T1/aer.
)))) (Report.aux)
\openout1 = `Report.aux'.

LaTeX Font Info:    Checking defaults for OML/cmm/m/it on input line 34.
LaTeX Font Info:    ... okay on input line 34.
LaTeX Font Info:    Checking defaults for T1/cmr/m/n on input line 34.
LaTeX Font Info:    ... okay on input line 34.
LaTeX Font Info:    Checking defaults for OT1/cmr/m/n on input line 34.
LaTeX Font Info:    ... okay on input line 34.
LaTeX Font Info:    Checking defaults for OMS/cmsy/m/n on input line 34.
LaTeX Font Info:    ... okay on input line 34.
LaTeX Font Info:    Checking defaults for OMX/cmex/m/n on input line 34.
LaTeX Font Info:    ... okay on input line 34.
LaTeX Font Info:    Checking defaults for U/cmr/m/n on input line 34.
LaTeX Font Info:    ... okay on input line 34.
LaTeX Font Info:    Checking defaults for TS1/cmr/m/n on input line 34.
LaTeX Font Info:    Try loading font information for TS1+cmr on input line 34.

("D:\Program Files\MiKTeX 2.9\tex\latex\base\ts1cmr.fd"
File: ts1cmr.fd 2014/09/29 v2.5h Standard LaTeX font definitions
)
LaTeX Font Info:    ... okay on input line 34.

("D:\Program Files\MiKTeX 2.9\tex\context\base\supp-pdf.mkii"
[Loading MPS to PDF converter (version 2006.09.02).]
\scratchcounter=\count279
\scratchdimen=\dimen176
\scratchbox=\box54
\nofMPsegments=\count280
\nofMParguments=\count281
\everyMPshowfont=\toks31
\MPscratchCnt=\count282
\MPscratchDim=\dimen177
\MPnumerator=\count283
\makeMPintoPDFobject=\count284
\everyMPtoPDFconversion=\toks32
) ("D:\Program Files\MiKTeX 2.9\tex\generic\oberdiek\pdftexcmds.sty"
Package: pdftexcmds 2016/05/21 v0.22 Utility functions of pdfTeX for LuaTeX (HO
)

("D:\Program Files\MiKTeX 2.9\tex\generic\oberdiek\ifluatex.sty"
Package: ifluatex 2016/05/16 v1.4 Provides the ifluatex switch (HO)
Package ifluatex Info: LuaTeX not detected.
)
("D:\Program Files\MiKTeX 2.9\tex\generic\oberdiek\ifpdf.sty"
Package: ifpdf 2016/05/14 v3.1 Provides the ifpdf switch
)
Package pdftexcmds Info: LuaTeX not detected.
Package pdftexcmds Info: \pdf@primitive is available.
Package pdftexcmds Info: \pdf@ifprimitive is available.
Package pdftexcmds Info: \pdfdraftmode found.
)
("D:\Program Files\MiKTeX 2.9\tex\latex\oberdiek\epstopdf-base.sty"
Package: epstopdf-base 2016/05/15 v2.6 Base part for package epstopdf

("D:\Program Files\MiKTeX 2.9\tex\latex\oberdiek\grfext.sty"
Package: grfext 2016/05/16 v1.2 Manage graphics extensions (HO)

("D:\Program Files\MiKTeX 2.9\tex\generic\oberdiek\kvdefinekeys.sty"
Package: kvdefinekeys 2016/05/16 v1.4 Define keys (HO)
))
("D:\Program Files\MiKTeX 2.9\tex\latex\oberdiek\kvoptions.sty"
Package: kvoptions 2016/05/16 v3.12 Key value format for package options (HO)

("D:\Program Files\MiKTeX 2.9\tex\generic\oberdiek\kvsetkeys.sty"
Package: kvsetkeys 2016/05/16 v1.17 Key value parser (HO)

("D:\Program Files\MiKTeX 2.9\tex\generic\oberdiek\etexcmds.sty"
Package: etexcmds 2016/05/16 v1.6 Avoid name clashes with e-TeX commands (HO)
Package etexcmds Info: Could not find \expanded.
(etexcmds)             That can mean that you are not using pdfTeX 1.50 or
(etexcmds)             that some package has redefined \expanded.
(etexcmds)             In the latter case, load this package earlier.
)))
Package epstopdf-base Info: Redefining graphics rule for `.eps' on input line 4
38.
Package grfext Info: Graphics extension search list:
(grfext)             [.png,.pdf,.jpg,.mps,.jpeg,.jbig2,.jb2,.PNG,.PDF,.JPG,.JPE
G,.JBIG2,.JB2,.eps]
(grfext)             \AppendGraphicsExtensions on input line 456.
)
\c@lstlisting=\count285

(Report-concordance.tex)
LaTeX Font Info:    Try loading font information for U+msa on input line 40.

("D:\Program Files\MiKTeX 2.9\tex\latex\amsfonts\umsa.fd"
File: umsa.fd 2013/01/14 v3.01 AMS symbols A
)
LaTeX Font Info:    Try loading font information for U+msb on input line 40.

("D:\Program Files\MiKTeX 2.9\tex\latex\amsfonts\umsb.fd"
File: umsb.fd 2013/01/14 v3.01 AMS symbols B
)
Underfull \hbox (badness 10000) in paragraph at lines 48--49

 []

LaTeX Font Info:    Try loading font information for TS1+aer on input line 52.
(C:/PROGRA~1/R/R-34~1.2/share/texmf/tex/latex\ts1aer.fd
File: ts1aer.fd 
)
LaTeX Font Info:    Font shape `TS1/aer/m/n' in size <10> not available
(Font)              Font shape `TS1/cmr/m/n' tried instead on input line 52.

Overfull \hbox (8.79707pt too wide) in paragraph at lines 52--53
[]\T1/aer/b/n/10 coinbaseUSD_1-min_data_2014-12-01_to_2017-10-20 \T1/aer/m/n/10
 stores the data ob-tained
 []

[1

{C:/Users/deepa/AppData/Local/MiKTeX/2.9/pdftex/config/pdftex.map}]
Overfull \hbox (1.90706pt too wide) in paragraph at lines 62--63
[]\T1/aer/b/n/10 krakenUSD_1-min_data_2014-01-07_to_2017-05-31 \T1/aer/m/n/10 s
tores the data ob-tained
 []

LaTeX Font Info:    Try loading font information for T1+aett on input line 75.
("D:\Program Files\MiKTeX 2.9\tex\latex\ae\t1aett.fd"
File: t1aett.fd 1997/11/16 Font definitions for T1/aett.
)
LaTeX Font Info:    Try loading font information for TS1+aett on input line 78.


(C:/PROGRA~1/R/R-34~1.2/share/texmf/tex/latex\ts1aett.fd
File: ts1aett.fd 
)
LaTeX Font Info:    Try loading font information for TS1+cmtt on input line 78.


("D:\Program Files\MiKTeX 2.9\tex\latex\base\ts1cmtt.fd"
File: ts1cmtt.fd 2014/09/29 v2.5h Standard LaTeX font definitions
)
LaTeX Font Info:    Font shape `TS1/aett/m/sl' in size <10> not available
(Font)              Font shape `TS1/cmtt/m/sl' tried instead on input line 78.
 [2]
LaTeX Font Info:    Font shape `TS1/aett/m/n' in size <10> not available
(Font)              Font shape `TS1/cmtt/m/n' tried instead on input line 111.

<Report-003.pdf, id=17, 433.62pt x 433.62pt>
File: Report-003.pdf Graphic file (type pdf)
 <use Report-003.pdf>
Package pdftex.def Info: Report-003.pdf used on input line 125.
(pdftex.def)             Requested size: 276.00105pt x 276.0139pt.
 [3] [4 <./Report-003.pdf>] <Report-004.pdf, id=31, 433.62pt x 433.62pt>
File: Report-004.pdf Graphic file (type pdf)

<use Report-004.pdf>
Package pdftex.def Info: Report-004.pdf used on input line 146.
(pdftex.def)             Requested size: 276.00105pt x 276.0139pt.
 <Report-005.pdf, id=32, 433.62pt x 433.62pt>
File: Report-005.pdf Graphic file (type pdf)

<use Report-005.pdf>
Package pdftex.def Info: Report-005.pdf used on input line 163.
(pdftex.def)             Requested size: 276.00105pt x 276.0139pt.
 [5 <./Report-004.pdf>] [6 <./Report-005.pdf>] [7] [8]
[9] <Report-009.pdf, id=64, 433.62pt x 433.62pt>
File: Report-009.pdf Graphic file (type pdf)
 <use Report-009.pdf>
Package pdftex.def Info: Report-009.pdf used on input line 315.
(pdftex.def)             Requested size: 276.00105pt x 276.0139pt.
 [10 <./Report-009.pdf>] <Report-010.pdf, id=73, 433.62pt x 433.62pt>
File: Report-010.pdf Graphic file (type pdf)

<use Report-010.pdf>
Package pdftex.def Info: Report-010.pdf used on input line 342.
(pdftex.def)             Requested size: 276.00105pt x 276.0139pt.
 [11] [12 <./Report-010.pdf>]
<Report-011.pdf, id=86, 433.62pt x 433.62pt>
File: Report-011.pdf Graphic file (type pdf)
 <use Report-011.pdf>
Package pdftex.def Info: Report-011.pdf used on input line 377.
(pdftex.def)             Requested size: 276.00105pt x 276.0139pt.
 [13 <./Report-011.pdf>] [14] <Report-013.pdf, id=99, 433.62pt x 433.62pt>
File: Report-013.pdf Graphic file (type pdf)

<use Report-013.pdf>
Package pdftex.def Info: Report-013.pdf used on input line 421.
(pdftex.def)             Requested size: 276.00105pt x 276.0139pt.
 <Report-014.pdf, id=100, 433.62pt x 433.62pt>
File: Report-014.pdf Graphic file (type pdf)

<use Report-014.pdf>
Package pdftex.def Info: Report-014.pdf used on input line 440.
(pdftex.def)             Requested size: 276.00105pt x 276.0139pt.
 [15 <./Report-013.pdf>]
<Report-015.pdf, id=109, 433.62pt x 433.62pt>
File: Report-015.pdf Graphic file (type pdf)
 <use Report-015.pdf>
Package pdftex.def Info: Report-015.pdf used on input line 451.
(pdftex.def)             Requested size: 276.00105pt x 276.0139pt.
 [16 <./Report-014.pdf>] [17 <./Report-015.pdf>]
<Report-017.pdf, id=127, 433.62pt x 433.62pt>
File: Report-017.pdf Graphic file (type pdf)
 <use Report-017.pdf>
Package pdftex.def Info: Report-017.pdf used on input line 502.
(pdftex.def)             Requested size: 276.00105pt x 276.0139pt.

Overfull \hbox (33.63345pt too wide) in paragraph at lines 502--504
[] \T1/aer/m/n/10 From the $\OML/cmm/m/it/10 ACF$\T1/aer/m/n/10 /$\OML/cmm/m/it
/10 PACF$
 []

[18] [19 <./Report-017.pdf>] <Report-018.pdf, id=143, 433.62pt x 433.62pt>
File: Report-018.pdf Graphic file (type pdf)

<use Report-018.pdf>
Package pdftex.def Info: Report-018.pdf used on input line 526.
(pdftex.def)             Requested size: 276.00105pt x 276.0139pt.
 <Report-019.pdf, id=144, 433.62pt x 433.62pt>
File: Report-019.pdf Graphic file (type pdf)

<use Report-019.pdf>
Package pdftex.def Info: Report-019.pdf used on input line 536.
(pdftex.def)             Requested size: 276.00105pt x 276.0139pt.
 [20 <./Report-018.pdf>]
<Report-020.pdf, id=154, 433.62pt x 433.62pt>
File: Report-020.pdf Graphic file (type pdf)
 <use Report-020.pdf>
Package pdftex.def Info: Report-020.pdf used on input line 549.
(pdftex.def)             Requested size: 276.00105pt x 276.0139pt.
 [21 <./Report-019.pdf>] <Report-021.pdf, id=164, 433.62pt x 433.62pt>
File: Report-021.pdf Graphic file (type pdf)
 <use Report-021.pdf>
Package pdftex.def Info: Report-021.pdf used on input line 577.
(pdftex.def)             Requested size: 276.00105pt x 276.0139pt.

[22 <./Report-020.pdf>]
! Undefined control sequence.
l.586 \printbibliography
                        
The control sequence at the end of the top line
of your error message was never \def'ed. If you have
misspelled it (e.g., `\hobx'), type `I' and the correct
spelling (e.g., `I\hbox'). Otherwise just continue,
and I'll forget about whatever was undefined.

[23 <./Report-021.pdf>] (Report.aux) ) 
Here is how much of TeX's memory you used:
 13726 strings out of 493333
 241472 string characters out of 3139194
 280718 words of memory out of 3000000
 17050 multiletter control sequences out of 15000+200000
 558699 words of font info for 86 fonts, out of 3000000 for 9000
 1141 hyphenation exceptions out of 8191
 40i,6n,40p,10383b,291s stack positions out of 5000i,500n,10000p,200000b,50000s
 <C:\Users\deepa\AppData\Local\MiKTeX\2.9
\fonts\pk\ljfour\jknappen\ec\dpi600\tctt1000.pk> <C:\Users\deepa\AppData\Local\
MiKTeX\2.9\fonts\pk\ljfour\jknappen\ec\dpi600\tcst1000.pk> <C:\Users\deepa\AppD
ata\Local\MiKTeX\2.9\fonts\pk\ljfour\jknappen\ec\dpi600\tcrm1000.pk><D:/Program
 Files/MiKTeX 2.9/fonts/type1/public/amsfonts/cm/cmb10.pfb><D:/Program Files/Mi
KTeX 2.9/fonts/type1/public/amsfonts/cm/cmex10.pfb><D:/Program Files/MiKTeX 2.9
/fonts/type1/public/amsfonts/cm/cmmi10.pfb><D:/Program Files/MiKTeX 2.9/fonts/t
ype1/public/amsfonts/cm/cmmi5.pfb><D:/Program Files/MiKTeX 2.9/fonts/type1/publ
ic/amsfonts/cm/cmmi7.pfb><D:/Program Files/MiKTeX 2.9/fonts/type1/public/amsfon
ts/cm/cmr10.pfb><D:/Program Files/MiKTeX 2.9/fonts/type1/public/amsfonts/cm/cmr
12.pfb><D:/Program Files/MiKTeX 2.9/fonts/type1/public/amsfonts/cm/cmr17.pfb><D
:/Program Files/MiKTeX 2.9/fonts/type1/public/amsfonts/cm/cmr7.pfb><D:/Program 
Files/MiKTeX 2.9/fonts/type1/public/amsfonts/cm/cmsltt10.pfb><D:/Program Files/
MiKTeX 2.9/fonts/type1/public/amsfonts/cm/cmsy10.pfb><D:/Program Files/MiKTeX 2
.9/fonts/type1/public/amsfonts/cm/cmsy7.pfb><D:/Program Files/MiKTeX 2.9/fonts/
type1/public/amsfonts/cm/cmtt10.pfb>
Output written on Report.pdf (23 pages, 32357438 bytes).
PDF statistics:
 236 PDF objects out of 1000 (max. 8388607)
 0 named destinations out of 1000 (max. 500000)
 75 words of extra memory for PDF output out of 10000 (max. 10000000)

