This is pdfTeX, Version 3.14159265-2.6-1.40.18 (MiKTeX 2.9.6400 64-bit) (preloaded format=pdflatex 2017.9.23)  5 DEC 2017 19:49
entering extended mode
**./Report.tex
(Report.tex
LaTeX2e <2017-04-15>
Babel <3.13> and hyphenation patterns for 75 language(s) loaded.
("C:\Program Files (x86)\MiKTex2.9\tex\latex\base\article.cls"
Document Class: article 2014/09/29 v1.4h Standard LaTeX document class
("C:\Program Files (x86)\MiKTex2.9\tex\latex\base\size10.clo"
File: size10.clo 2014/09/29 v1.4h Standard LaTeX file (size option)
)
\c@part=\count79
\c@section=\count80
\c@subsection=\count81
\c@subsubsection=\count82
\c@paragraph=\count83
\c@subparagraph=\count84
\c@figure=\count85
\c@table=\count86
\abovecaptionskip=\skip41
\belowcaptionskip=\skip42
\bibindent=\dimen102
)
("C:\Program Files (x86)\MiKTex2.9\tex\latex\amsmath\amsmath.sty"
Package: amsmath 2017/09/02 v2.17a AMS math features
\@mathmargin=\skip43

For additional information on amsmath, use the `?' option.
("C:\Program Files (x86)\MiKTex2.9\tex\latex\amsmath\amstext.sty"
Package: amstext 2000/06/29 v2.01 AMS text

("C:\Program Files (x86)\MiKTex2.9\tex\latex\amsmath\amsgen.sty"
File: amsgen.sty 1999/11/30 v2.0 generic functions
\@emptytoks=\toks14
\ex@=\dimen103
))
("C:\Program Files (x86)\MiKTex2.9\tex\latex\amsmath\amsbsy.sty"
Package: amsbsy 1999/11/29 v1.2d Bold Symbols
\pmbraise@=\dimen104
)
("C:\Program Files (x86)\MiKTex2.9\tex\latex\amsmath\amsopn.sty"
Package: amsopn 2016/03/08 v2.02 operator names
)
\inf@bad=\count87
LaTeX Info: Redefining \frac on input line 213.
\uproot@=\count88
\leftroot@=\count89
LaTeX Info: Redefining \overline on input line 375.
\classnum@=\count90
\DOTSCASE@=\count91
LaTeX Info: Redefining \ldots on input line 472.
LaTeX Info: Redefining \dots on input line 475.
LaTeX Info: Redefining \cdots on input line 596.
\Mathstrutbox@=\box26
\strutbox@=\box27
\big@size=\dimen105
LaTeX Font Info:    Redeclaring font encoding OML on input line 712.
LaTeX Font Info:    Redeclaring font encoding OMS on input line 713.
\macc@depth=\count92
\c@MaxMatrixCols=\count93
\dotsspace@=\muskip10
\c@parentequation=\count94
\dspbrk@lvl=\count95
\tag@help=\toks15
\row@=\count96
\column@=\count97
\maxfields@=\count98
\andhelp@=\toks16
\eqnshift@=\dimen106
\alignsep@=\dimen107
\tagshift@=\dimen108
\tagwidth@=\dimen109
\totwidth@=\dimen110
\lineht@=\dimen111
\@envbody=\toks17
\multlinegap=\skip44
\multlinetaggap=\skip45
\mathdisplay@stack=\toks18
LaTeX Info: Redefining \[ on input line 2817.
LaTeX Info: Redefining \] on input line 2818.
)
("C:\Program Files (x86)\MiKTex2.9\tex\latex\amscls\amsthm.sty"
Package: amsthm 2015/03/04 v2.20.2
\thm@style=\toks19
\thm@bodyfont=\toks20
\thm@headfont=\toks21
\thm@notefont=\toks22
\thm@headpunct=\toks23
\thm@preskip=\skip46
\thm@postskip=\skip47
\thm@headsep=\skip48
\dth@everypar=\toks24
)
("C:\Program Files (x86)\MiKTex2.9\tex\latex\amsfonts\amssymb.sty"
Package: amssymb 2013/01/14 v3.01 AMS font symbols

("C:\Program Files (x86)\MiKTex2.9\tex\latex\amsfonts\amsfonts.sty"
Package: amsfonts 2013/01/14 v3.01 Basic AMSFonts support
\symAMSa=\mathgroup4
\symAMSb=\mathgroup5
LaTeX Font Info:    Overwriting math alphabet `\mathfrak' in version `bold'
(Font)                  U/euf/m/n --> U/euf/b/n on input line 106.
))
("C:\Users\Shambhavi Singh\AppData\Roaming\MiKTeX\2.9\tex\latex\bera\bera.sty"
Package: bera 2004/01/31 (WaS)

("C:\Program Files (x86)\MiKTex2.9\tex\latex\base\fontenc.sty"
Package: fontenc 2017/04/05 v2.0i Standard LaTeX package

("C:\Program Files (x86)\MiKTex2.9\tex\latex\base\t1enc.def"
File: t1enc.def 2017/04/05 v2.0i Standard LaTeX file
LaTeX Font Info:    Redeclaring font encoding T1 on input line 48.
))
("C:\Program Files (x86)\MiKTex2.9\tex\latex\base\textcomp.sty"
Package: textcomp 2017/04/05 v2.0i Standard LaTeX package
Package textcomp Info: Sub-encoding information:
(textcomp)               5 = only ISO-Adobe without \textcurrency
(textcomp)               4 = 5 + \texteuro
(textcomp)               3 = 4 + \textohm
(textcomp)               2 = 3 + \textestimated + \textcurrency
(textcomp)               1 = TS1 - \textcircled - \t
(textcomp)               0 = TS1 (full)
(textcomp)             Font families with sub-encoding setting implement
(textcomp)             only a restricted character set as indicated.
(textcomp)             Family '?' is the default used for unknown fonts.
(textcomp)             See the documentation for details.
Package textcomp Info: Setting ? sub-encoding to TS1/1 on input line 79.

("C:\Program Files (x86)\MiKTex2.9\tex\latex\base\ts1enc.def"
File: ts1enc.def 2001/06/05 v3.0e (jk/car/fm) Standard LaTeX file
)
LaTeX Info: Redefining \oldstylenums on input line 334.
Package textcomp Info: Setting cmr sub-encoding to TS1/0 on input line 349.
Package textcomp Info: Setting cmss sub-encoding to TS1/0 on input line 350.
Package textcomp Info: Setting cmtt sub-encoding to TS1/0 on input line 351.
Package textcomp Info: Setting cmvtt sub-encoding to TS1/0 on input line 352.
Package textcomp Info: Setting cmbr sub-encoding to TS1/0 on input line 353.
Package textcomp Info: Setting cmtl sub-encoding to TS1/0 on input line 354.
Package textcomp Info: Setting ccr sub-encoding to TS1/0 on input line 355.
Package textcomp Info: Setting ptm sub-encoding to TS1/4 on input line 356.
Package textcomp Info: Setting pcr sub-encoding to TS1/4 on input line 357.
Package textcomp Info: Setting phv sub-encoding to TS1/4 on input line 358.
Package textcomp Info: Setting ppl sub-encoding to TS1/3 on input line 359.
Package textcomp Info: Setting pag sub-encoding to TS1/4 on input line 360.
Package textcomp Info: Setting pbk sub-encoding to TS1/4 on input line 361.
Package textcomp Info: Setting pnc sub-encoding to TS1/4 on input line 362.
Package textcomp Info: Setting pzc sub-encoding to TS1/4 on input line 363.
Package textcomp Info: Setting bch sub-encoding to TS1/4 on input line 364.
Package textcomp Info: Setting put sub-encoding to TS1/5 on input line 365.
Package textcomp Info: Setting uag sub-encoding to TS1/5 on input line 366.
Package textcomp Info: Setting ugq sub-encoding to TS1/5 on input line 367.
Package textcomp Info: Setting ul8 sub-encoding to TS1/4 on input line 368.
Package textcomp Info: Setting ul9 sub-encoding to TS1/4 on input line 369.
Package textcomp Info: Setting augie sub-encoding to TS1/5 on input line 370.
Package textcomp Info: Setting dayrom sub-encoding to TS1/3 on input line 371.
Package textcomp Info: Setting dayroms sub-encoding to TS1/3 on input line 372.

Package textcomp Info: Setting pxr sub-encoding to TS1/0 on input line 373.
Package textcomp Info: Setting pxss sub-encoding to TS1/0 on input line 374.
Package textcomp Info: Setting pxtt sub-encoding to TS1/0 on input line 375.
Package textcomp Info: Setting txr sub-encoding to TS1/0 on input line 376.
Package textcomp Info: Setting txss sub-encoding to TS1/0 on input line 377.
Package textcomp Info: Setting txtt sub-encoding to TS1/0 on input line 378.
Package textcomp Info: Setting lmr sub-encoding to TS1/0 on input line 379.
Package textcomp Info: Setting lmdh sub-encoding to TS1/0 on input line 380.
Package textcomp Info: Setting lmss sub-encoding to TS1/0 on input line 381.
Package textcomp Info: Setting lmssq sub-encoding to TS1/0 on input line 382.
Package textcomp Info: Setting lmvtt sub-encoding to TS1/0 on input line 383.
Package textcomp Info: Setting lmtt sub-encoding to TS1/0 on input line 384.
Package textcomp Info: Setting qhv sub-encoding to TS1/0 on input line 385.
Package textcomp Info: Setting qag sub-encoding to TS1/0 on input line 386.
Package textcomp Info: Setting qbk sub-encoding to TS1/0 on input line 387.
Package textcomp Info: Setting qcr sub-encoding to TS1/0 on input line 388.
Package textcomp Info: Setting qcs sub-encoding to TS1/0 on input line 389.
Package textcomp Info: Setting qpl sub-encoding to TS1/0 on input line 390.
Package textcomp Info: Setting qtm sub-encoding to TS1/0 on input line 391.
Package textcomp Info: Setting qzc sub-encoding to TS1/0 on input line 392.
Package textcomp Info: Setting qhvc sub-encoding to TS1/0 on input line 393.
Package textcomp Info: Setting futs sub-encoding to TS1/4 on input line 394.
Package textcomp Info: Setting futx sub-encoding to TS1/4 on input line 395.
Package textcomp Info: Setting futj sub-encoding to TS1/4 on input line 396.
Package textcomp Info: Setting hlh sub-encoding to TS1/3 on input line 397.
Package textcomp Info: Setting hls sub-encoding to TS1/3 on input line 398.
Package textcomp Info: Setting hlst sub-encoding to TS1/3 on input line 399.
Package textcomp Info: Setting hlct sub-encoding to TS1/5 on input line 400.
Package textcomp Info: Setting hlx sub-encoding to TS1/5 on input line 401.
Package textcomp Info: Setting hlce sub-encoding to TS1/5 on input line 402.
Package textcomp Info: Setting hlcn sub-encoding to TS1/5 on input line 403.
Package textcomp Info: Setting hlcw sub-encoding to TS1/5 on input line 404.
Package textcomp Info: Setting hlcf sub-encoding to TS1/5 on input line 405.
Package textcomp Info: Setting pplx sub-encoding to TS1/3 on input line 406.
Package textcomp Info: Setting pplj sub-encoding to TS1/3 on input line 407.
Package textcomp Info: Setting ptmx sub-encoding to TS1/4 on input line 408.
Package textcomp Info: Setting ptmj sub-encoding to TS1/4 on input line 409.
)
("C:\Users\Shambhavi Singh\AppData\Roaming\MiKTeX\2.9\tex\latex\bera\beraserif.
sty"
Package: beraserif 2004/01/30 (WaS)
 ("C:\Program Files (x86)\MiKTex2.9\tex\latex\graphics\keyval.sty"
Package: keyval 2014/10/28 v1.15 key=value parser (DPC)
\KV@toks@=\toks25
)
LaTeX Font Info:    Try loading font information for T1+fve on input line 30.

("C:\Users\Shambhavi Singh\AppData\Roaming\MiKTeX\2.9\tex\latex\bera\t1fve.fd"
File: t1fve.fd 2004/09/07 scalable font definitions for T1/fve.
)
LaTeX Font Info:    Font shape `T1/fve/m/n' will be
(Font)              scaled to size 8.99994pt on input line 30.
)
("C:\Users\Shambhavi Singh\AppData\Roaming\MiKTeX\2.9\tex\latex\bera\berasans.s
ty"
Package: berasans 2004/01/30 (WaS)
)
("C:\Users\Shambhavi Singh\AppData\Roaming\MiKTeX\2.9\tex\latex\bera\beramono.s
ty"
Package: beramono 2004/01/31 (WaS)
)) ("C:\Program Files (x86)\MiKTex2.9\tex\latex\graphics\graphicx.sty"
Package: graphicx 2017/06/01 v1.1a Enhanced LaTeX Graphics (DPC,SPQR)

("C:\Program Files (x86)\MiKTex2.9\tex\latex\graphics\graphics.sty"
Package: graphics 2017/06/25 v1.2c Standard LaTeX Graphics (DPC,SPQR)

("C:\Program Files (x86)\MiKTex2.9\tex\latex\graphics\trig.sty"
Package: trig 2016/01/03 v1.10 sin cos tan (DPC)
)
("C:\Program Files (x86)\MiKTex2.9\tex\latex\graphics-cfg\graphics.cfg"
File: graphics.cfg 2016/06/04 v1.11 sample graphics configuration
)
Package graphics Info: Driver file: pdftex.def on input line 99.

("C:\Program Files (x86)\MiKTex2.9\tex\latex\graphics-def\pdftex.def"
File: pdftex.def 2017/06/24 v1.0g Graphics/color driver for pdftex
))
\Gin@req@height=\dimen112
\Gin@req@width=\dimen113
)
("C:\Users\Shambhavi Singh\AppData\Roaming\MiKTeX\2.9\tex\latex\breqn\breqn.sty
"
("C:\Users\Shambhavi Singh\AppData\Roaming\MiKTeX\2.9\tex\latex\l3kernel\expl3.
sty"
Package: expl3 2017/09/18 L3 programming layer (loader) 

("C:\Users\Shambhavi Singh\AppData\Roaming\MiKTeX\2.9\tex\latex\l3kernel\expl3-
code.tex"
Package: expl3 2017/09/18 L3 programming layer (code)
\c_max_int=\count99
\l_tmpa_int=\count100
\l_tmpb_int=\count101
\g_tmpa_int=\count102
\g_tmpb_int=\count103
\g__intarray_font_int=\count104
\g__prg_map_int=\count105
\c_log_iow=\count106
\l_iow_line_count_int=\count107
\l__iow_line_target_int=\count108
\l__iow_one_indent_int=\count109
\l__iow_indent_int=\count110
\c_zero_dim=\dimen114
\c_max_dim=\dimen115
\l_tmpa_dim=\dimen116
\l_tmpb_dim=\dimen117
\g_tmpa_dim=\dimen118
\g_tmpb_dim=\dimen119
\c_zero_skip=\skip49
\c_max_skip=\skip50
\l_tmpa_skip=\skip51
\l_tmpb_skip=\skip52
\g_tmpa_skip=\skip53
\g_tmpb_skip=\skip54
\c_zero_muskip=\muskip11
\c_max_muskip=\muskip12
\l_tmpa_muskip=\muskip13
\l_tmpb_muskip=\muskip14
\g_tmpa_muskip=\muskip15
\g_tmpb_muskip=\muskip16
\l_keys_choice_int=\count111
\c__fp_leading_shift_int=\count112
\c__fp_middle_shift_int=\count113
\c__fp_trailing_shift_int=\count114
\c__fp_big_leading_shift_int=\count115
\c__fp_big_middle_shift_int=\count116
\c__fp_big_trailing_shift_int=\count117
\c__fp_Bigg_leading_shift_int=\count118
\c__fp_Bigg_middle_shift_int=\count119
\c__fp_Bigg_trailing_shift_int=\count120
\c__fp_rand_size_int=\count121
\c__fp_rand_four_int=\count122
\c__fp_rand_eight_int=\count123
\l__sort_length_int=\count124
\l__sort_min_int=\count125
\l__sort_top_int=\count126
\l__sort_max_int=\count127
\l__sort_true_max_int=\count128
\l__sort_block_int=\count129
\l__sort_begin_int=\count130
\l__sort_end_int=\count131
\l__sort_A_int=\count132
\l__sort_B_int=\count133
\l__sort_C_int=\count134
\l__tl_build_start_index_int=\count135
\l__tl_build_index_int=\count136
\l__tl_analysis_normal_int=\count137
\l__tl_analysis_index_int=\count138
\l__tl_analysis_nesting_int=\count139
\l__tl_analysis_type_int=\count140
\l__regex_internal_a_int=\count141
\l__regex_internal_b_int=\count142
\l__regex_internal_c_int=\count143
\l__regex_balance_int=\count144
\l__regex_group_level_int=\count145
\l__regex_mode_int=\count146
\c__regex_cs_in_class_mode_int=\count147
\c__regex_cs_mode_int=\count148
\l__regex_catcodes_int=\count149
\l__regex_default_catcodes_int=\count150
\c__regex_catcode_D_int=\count151
\c__regex_catcode_S_int=\count152
\c__regex_catcode_L_int=\count153
\c__regex_catcode_O_int=\count154
\c__regex_catcode_A_int=\count155
\c__regex_all_catcodes_int=\count156
\l__regex_show_lines_int=\count157
\l__regex_min_state_int=\count158
\l__regex_max_state_int=\count159
\l__regex_left_state_int=\count160
\l__regex_right_state_int=\count161
\l__regex_capturing_group_int=\count162
\l__regex_min_pos_int=\count163
\l__regex_max_pos_int=\count164
\l__regex_curr_pos_int=\count165
\l__regex_start_pos_int=\count166
\l__regex_success_pos_int=\count167
\l__regex_curr_char_int=\count168
\l__regex_curr_catcode_int=\count169
\l__regex_last_char_int=\count170
\l__regex_case_changed_char_int=\count171
\l__regex_curr_state_int=\count172
\l__regex_step_int=\count173
\l__regex_min_active_int=\count174
\l__regex_max_active_int=\count175
\l__regex_replacement_csnames_int=\count176
\l__regex_match_count_int=\count177
\l__regex_min_submatch_int=\count178
\l__regex_submatch_int=\count179
\l__regex_zeroth_submatch_int=\count180
\g__debug_trace_regex_int=\count181
\c_empty_box=\box28
\l_tmpa_box=\box29
\l_tmpb_box=\box30
\g_tmpa_box=\box31
\g_tmpb_box=\box32
\l__box_top_dim=\dimen120
\l__box_bottom_dim=\dimen121
\l__box_left_dim=\dimen122
\l__box_right_dim=\dimen123
\l__box_top_new_dim=\dimen124
\l__box_bottom_new_dim=\dimen125
\l__box_left_new_dim=\dimen126
\l__box_right_new_dim=\dimen127
\l__box_internal_box=\box33
\l__coffin_internal_box=\box34
\l__coffin_internal_dim=\dimen128
\l__coffin_offset_x_dim=\dimen129
\l__coffin_offset_y_dim=\dimen130
\l__coffin_x_dim=\dimen131
\l__coffin_y_dim=\dimen132
\l__coffin_x_prime_dim=\dimen133
\l__coffin_y_prime_dim=\dimen134
\c_empty_coffin=\box35
\l__coffin_aligned_coffin=\box36
\l__coffin_aligned_internal_coffin=\box37
\l_tmpa_coffin=\box38
\l_tmpb_coffin=\box39
\l__coffin_display_coffin=\box40
\l__coffin_display_coord_coffin=\box41
\l__coffin_display_pole_coffin=\box42
\l__coffin_display_offset_dim=\dimen135
\l__coffin_display_x_dim=\dimen136
\l__coffin_display_y_dim=\dimen137
\l__coffin_bounding_shift_dim=\dimen138
\l__coffin_left_corner_dim=\dimen139
\l__coffin_right_corner_dim=\dimen140
\l__coffin_bottom_corner_dim=\dimen141
\l__coffin_top_corner_dim=\dimen142
\l__coffin_scaled_total_height_dim=\dimen143
\l__coffin_scaled_width_dim=\dimen144
)
("C:\Users\Shambhavi Singh\AppData\Roaming\MiKTeX\2.9\tex\latex\l3kernel\l3pdfm
ode.def"
File: l3pdfmode.def 2017/03/18 v L3 Experimental driver: PDF mode
\l__driver_color_stack_int=\count182
\l__driver_tmp_box=\box43
))
Package: breqn 2017/01/27 v0.98e Breaking equations

("C:\Users\Shambhavi Singh\AppData\Roaming\MiKTeX\2.9\tex\latex\breqn\flexisym.
sty"
Package: flexisym 2017/01/27 v0.98e Make math characters macros
LaTeX Info: Redefining \textprime on input line 300.
LaTeX Info: Redefining \not on input line 358.

("C:\Users\Shambhavi Singh\AppData\Roaming\MiKTeX\2.9\tex\latex\breqn\cmbase.sy
m"
File: cmbase.sym 2007/12/19 v0.92
LaTeX Info: Redefining \hbar on input line 325.
LaTeX Info: Redefining \surd on input line 327.
LaTeX Info: Redefining \angle on input line 335.
LaTeX Info: Redefining \neq on input line 336.
LaTeX Info: Redefining \mapsto on input line 337.
LaTeX Info: Redefining \cong on input line 338.
LaTeX Info: Redefining \notin on input line 341.
LaTeX Info: Redefining \rightleftharpoons on input line 342.
LaTeX Info: Redefining \doteq on input line 343.
LaTeX Info: Redefining \hookrightarrow on input line 344.
LaTeX Info: Redefining \hookleftarrow on input line 345.
LaTeX Info: Redefining \bowtie on input line 346.
LaTeX Info: Redefining \models on input line 347.
LaTeX Info: Redefining \Longrightarrow on input line 348.
LaTeX Info: Redefining \longrightarrow on input line 349.
LaTeX Info: Redefining \Longleftarrow on input line 350.
LaTeX Info: Redefining \longleftarrow on input line 351.
LaTeX Info: Redefining \longmapsto on input line 352.
LaTeX Info: Redefining \longleftrightarrow on input line 353.
LaTeX Info: Redefining \Longleftrightarrow on input line 354.
LaTeX Info: Redefining \cdots on input line 358.
LaTeX Info: Redefining \vdots on input line 361.
LaTeX Info: Redefining \ddots on input line 366.
)
("C:\Users\Shambhavi Singh\AppData\Roaming\MiKTeX\2.9\tex\latex\breqn\mathstyle
.sty"
Package: mathstyle 2017/01/27 0.98e Tracking mathstyle implicitly
LaTeX Info: Redefining \displaystyle on input line 93.
LaTeX Info: Redefining \textstyle on input line 95.
LaTeX Info: Redefining \scriptstyle on input line 97.
LaTeX Info: Redefining \scriptscriptstyle on input line 99.
LaTeX Info: Redefining \genfrac on input line 145.
)) ("C:\Program Files (x86)\MiKTex2.9\tex\latex\tools\calc.sty"
Package: calc 2014/10/28 v4.3 Infix arithmetic (KKT,FJ)
\calc@Acount=\count183
\calc@Bcount=\count184
\calc@Adimen=\dimen145
\calc@Bdimen=\dimen146
\calc@Askip=\skip55
\calc@Bskip=\skip56
LaTeX Info: Redefining \setlength on input line 80.
LaTeX Info: Redefining \addtolength on input line 81.
\calc@Ccount=\count185
\calc@Cskip=\skip57
)
\inf@bad=\count186
\maxint=\count187
\listwidth=\dimen147
\eqnumsep=\dimen148
\eqmargin=\dimen149
\eqlinespacing=\skip58
\eqlineskip=\skip59
\eqlineskiplimit=\dimen150
\eqbinoffset=\muskip17
\eqdelimoffset=\muskip18
\eqindentstep=\dimen151
\eqstyle=\toks26
\eqbreakdepth=\count188
\eqinterlinepenalty=\count189
\intereqpenalty=\count190
\intereqskip=\skip60
\prerelpenalty=\count191
\prebinoppenalty=\count192
\Dmedmuskip=\muskip19
\Dthickmuskip=\muskip20
\eqleftskip=\skip61
\eqrightskip=\skip62
\eq@vspan=\skip63
\eq@binoffset=\muskip21
\EQ@box=\box44
\EQ@copy=\box45
\EQ@numbox=\box46
\eq@wdNum=\dimen152
\GRP@numbox=\box47
\grp@wdNum=\dimen153
\eq@lines=\count193
\eq@curline=\count194
\eq@badness=\count195
\EQ@vims=\count196
\eq@dp=\dimen154
\eq@wdL=\dimen155
\eq@wdT=\dimen156
\eq@wdMin=\dimen157
\grp@wdL=\dimen158
\grp@wdR=\dimen159
\grp@wdT=\dimen160
\eq@wdRmax=\dimen161
\eq@firstht=\dimen162
\eq@wdCond=\dimen163
\eq@indentstep=\dimen164
\eq@linewidth=\dimen165
\grp@linewidth=\dimen166
\eq@hshift=\dimen167
\eq@given@sidespace=\dimen168
\mathindent=\dimen169
\eq@final@linecount=\count197
\eq@wdR=\dimen170
\EQ@continue=\toks27
\lr@level=\count198
\GRP@queue=\toks28
\GRP@box=\box48
\GRP@wholebox=\box49
\darraycolsep=\skip64
\cur@row=\count199
\cur@col=\count266
\conditionsep=\skip65
)
("C:\Program Files (x86)\MiKTex2.9\tex\latex\base\fontenc.sty"
Package: fontenc 2017/04/05 v2.0i Standard LaTeX package

("C:\Program Files (x86)\MiKTex2.9\tex\latex\base\t1enc.def"
File: t1enc.def 2017/04/05 v2.0i Standard LaTeX file
LaTeX Font Info:    Redeclaring font encoding T1 on input line 48.
))
("C:\Users\Shambhavi Singh\AppData\Roaming\MiKTeX\2.9\tex\latex\enumitem\enumit
em.sty"
Package: enumitem 2011/09/28 v3.5.2 Customized lists
\labelindent=\skip66
\enit@outerparindent=\dimen171
\enit@toks=\toks29
\enit@inbox=\box50
\enitdp@description=\count267
)
("C:\Users\Shambhavi Singh\AppData\Roaming\MiKTeX\2.9\tex\latex\listings\listin
gs.sty"
\lst@mode=\count268
\lst@gtempboxa=\box51
\lst@token=\toks30
\lst@length=\count269
\lst@currlwidth=\dimen172
\lst@column=\count270
\lst@pos=\count271
\lst@lostspace=\dimen173
\lst@width=\dimen174
\lst@newlines=\count272
\lst@lineno=\count273
\lst@maxwidth=\dimen175

("C:\Users\Shambhavi Singh\AppData\Roaming\MiKTeX\2.9\tex\latex\listings\lstmis
c.sty"
File: lstmisc.sty 2015/06/04 1.6 (Carsten Heinz)
\c@lstnumber=\count274
\lst@skipnumbers=\count275
\lst@framebox=\box52
)
("C:\Users\Shambhavi Singh\AppData\Roaming\MiKTeX\2.9\tex\latex\listings\listin
gs.cfg"
File: listings.cfg 2015/06/04 1.6 listings configuration
))
Package: listings 2015/06/04 1.6 (Carsten Heinz)
 ("C:\Program Files (x86)\MiKTex2.9\tex\latex\graphics\color.sty"
Package: color 2016/07/10 v1.1e Standard LaTeX Color (DPC)

("C:\Program Files (x86)\MiKTex2.9\tex\latex\graphics-cfg\color.cfg"
File: color.cfg 2016/01/02 v1.6 sample color configuration
)
Package color Info: Driver file: pdftex.def on input line 147.
)
("C:\Users\Shambhavi Singh\AppData\Roaming\MiKTeX\2.9\tex\latex\listings\lstlan
g1.sty"
File: lstlang1.sty 2015/06/04 1.6 listings language file
) (C:/PROGRA~1/R/R-34~1.1/share/texmf/tex/latex\Sweave.sty
Package: Sweave 

("C:\Program Files (x86)\MiKTex2.9\tex\latex\base\ifthen.sty"
Package: ifthen 2014/09/29 v1.1c Standard LaTeX ifthen package (DPC)
)
("C:\Users\Shambhavi Singh\AppData\Roaming\MiKTeX\2.9\tex\latex\fancyvrb\fancyv
rb.sty"
Package: fancyvrb 2008/02/07

Style option: `fancyvrb' v2.7a, with DG/SPQR fixes, and firstline=lastline fix 
<2008/02/07> (tvz)
\FV@CodeLineNo=\count276
\FV@InFile=\read1
\FV@TabBox=\box53
\c@FancyVerbLine=\count277
\FV@StepNumber=\count278
\FV@OutFile=\write3
)
("C:\Program Files (x86)\MiKTex2.9\tex\latex\base\fontenc.sty"
Package: fontenc 2017/04/05 v2.0i Standard LaTeX package

("C:\Program Files (x86)\MiKTex2.9\tex\latex\base\t1enc.def"
File: t1enc.def 2017/04/05 v2.0i Standard LaTeX file
LaTeX Font Info:    Redeclaring font encoding T1 on input line 48.
))
("C:\Program Files (x86)\MiKTex2.9\tex\latex\ae\ae.sty"
Package: ae 2001/02/12 1.3 Almost European Computer Modern

("C:\Program Files (x86)\MiKTex2.9\tex\latex\base\fontenc.sty"
Package: fontenc 2017/04/05 v2.0i Standard LaTeX package

("C:\Program Files (x86)\MiKTex2.9\tex\latex\base\t1enc.def"
File: t1enc.def 2017/04/05 v2.0i Standard LaTeX file
LaTeX Font Info:    Redeclaring font encoding T1 on input line 48.
)
LaTeX Font Info:    Try loading font information for T1+aer on input line 105.

("C:\Program Files (x86)\MiKTex2.9\tex\latex\ae\t1aer.fd"
File: t1aer.fd 1997/11/16 Font definitions for T1/aer.
)))) (Report.aux)
\openout1 = `Report.aux'.

LaTeX Font Info:    Checking defaults for OML/cmm/m/it on input line 34.
LaTeX Font Info:    ... okay on input line 34.
LaTeX Font Info:    Checking defaults for T1/cmr/m/n on input line 34.
LaTeX Font Info:    ... okay on input line 34.
LaTeX Font Info:    Checking defaults for OT1/cmr/m/n on input line 34.
LaTeX Font Info:    ... okay on input line 34.
LaTeX Font Info:    Checking defaults for OMS/cmsy/m/n on input line 34.
LaTeX Font Info:    ... okay on input line 34.
LaTeX Font Info:    Checking defaults for OMX/cmex/m/n on input line 34.
LaTeX Font Info:    ... okay on input line 34.
LaTeX Font Info:    Checking defaults for U/cmr/m/n on input line 34.
LaTeX Font Info:    ... okay on input line 34.
LaTeX Font Info:    Checking defaults for TS1/cmr/m/n on input line 34.
LaTeX Font Info:    Try loading font information for TS1+cmr on input line 34.

("C:\Program Files (x86)\MiKTex2.9\tex\latex\base\ts1cmr.fd"
File: ts1cmr.fd 2014/09/29 v2.5h Standard LaTeX font definitions
)
LaTeX Font Info:    ... okay on input line 34.

("C:\Users\Shambhavi Singh\AppData\Roaming\MiKTeX\2.9\tex\context\base\supp-pdf
.mkii"
[Loading MPS to PDF converter (version 2006.09.02).]
\scratchcounter=\count279
\scratchdimen=\dimen176
\scratchbox=\box54
\nofMPsegments=\count280
\nofMParguments=\count281
\everyMPshowfont=\toks31
\MPscratchCnt=\count282
\MPscratchDim=\dimen177
\MPnumerator=\count283
\makeMPintoPDFobject=\count284
\everyMPtoPDFconversion=\toks32
) ("C:\Program Files (x86)\MiKTex2.9\tex\latex\oberdiek\epstopdf-base.sty"
Package: epstopdf-base 2016/05/15 v2.6 Base part for package epstopdf

("C:\Program Files (x86)\MiKTex2.9\tex\generic\oberdiek\infwarerr.sty"
Package: infwarerr 2016/05/16 v1.4 Providing info/warning/error messages (HO)
)
("C:\Program Files (x86)\MiKTex2.9\tex\latex\oberdiek\grfext.sty"
Package: grfext 2016/05/16 v1.2 Manage graphics extensions (HO)

("C:\Program Files (x86)\MiKTex2.9\tex\generic\oberdiek\kvdefinekeys.sty"
Package: kvdefinekeys 2016/05/16 v1.4 Define keys (HO)

("C:\Program Files (x86)\MiKTex2.9\tex\generic\oberdiek\ltxcmds.sty"
Package: ltxcmds 2016/05/16 v1.23 LaTeX kernel commands for general use (HO)
)))
("C:\Program Files (x86)\MiKTex2.9\tex\latex\oberdiek\kvoptions.sty"
Package: kvoptions 2016/05/16 v3.12 Key value format for package options (HO)

("C:\Program Files (x86)\MiKTex2.9\tex\generic\oberdiek\kvsetkeys.sty"
Package: kvsetkeys 2016/05/16 v1.17 Key value parser (HO)

("C:\Program Files (x86)\MiKTex2.9\tex\generic\oberdiek\etexcmds.sty"
Package: etexcmds 2016/05/16 v1.6 Avoid name clashes with e-TeX commands (HO)

("C:\Program Files (x86)\MiKTex2.9\tex\generic\oberdiek\ifluatex.sty"
Package: ifluatex 2016/05/16 v1.4 Provides the ifluatex switch (HO)
Package ifluatex Info: LuaTeX not detected.
)
Package etexcmds Info: Could not find \expanded.
(etexcmds)             That can mean that you are not using pdfTeX 1.50 or
(etexcmds)             that some package has redefined \expanded.
(etexcmds)             In the latter case, load this package earlier.
)))
("C:\Program Files (x86)\MiKTex2.9\tex\generic\oberdiek\pdftexcmds.sty"
Package: pdftexcmds 2017/03/19 v0.25 Utility functions of pdfTeX for LuaTeX (HO
)

("C:\Program Files (x86)\MiKTex2.9\tex\generic\oberdiek\ifpdf.sty"
Package: ifpdf 2017/03/15 v3.2 Provides the ifpdf switch
)
Package pdftexcmds Info: LuaTeX not detected.
Package pdftexcmds Info: \pdf@primitive is available.
Package pdftexcmds Info: \pdf@ifprimitive is available.
Package pdftexcmds Info: \pdfdraftmode found.
)
Package epstopdf-base Info: Redefining graphics rule for `.eps' on input line 4
38.
Package grfext Info: Graphics extension search list:
(grfext)             [.pdf,.png,.jpg,.mps,.jpeg,.jbig2,.jb2,.PDF,.PNG,.JPG,.JPE
G,.JBIG2,.JB2,.eps]
(grfext)             \AppendGraphicsExtensions on input line 456.
)
\c@lstlisting=\count285

(Report-concordance.tex)
LaTeX Font Info:    Try loading font information for U+msa on input line 40.

("C:\Program Files (x86)\MiKTex2.9\tex\latex\amsfonts\umsa.fd"
File: umsa.fd 2013/01/14 v3.01 AMS symbols A
)
LaTeX Font Info:    Try loading font information for U+msb on input line 40.

("C:\Program Files (x86)\MiKTex2.9\tex\latex\amsfonts\umsb.fd"
File: umsb.fd 2013/01/14 v3.01 AMS symbols B
)
Underfull \hbox (badness 10000) in paragraph at lines 48--49

 []

LaTeX Font Info:    Try loading font information for TS1+aer on input line 52.
(C:/PROGRA~1/R/R-34~1.1/share/texmf/tex/latex\ts1aer.fd
File: ts1aer.fd 
)
LaTeX Font Info:    Font shape `TS1/aer/m/n' in size <10> not available
(Font)              Font shape `TS1/cmr/m/n' tried instead on input line 52.

Overfull \hbox (8.79707pt too wide) in paragraph at lines 52--53
[]\T1/aer/b/n/10 coinbaseUSD_1-min_data_2014-12-01_to_2017-10-20 \T1/aer/m/n/10
 stores the data ob-tained
 []

[1

{C:/Users/Shambhavi Singh/AppData/Local/MiKTeX/2.9/pdftex/config/pdftex.map}]
Overfull \hbox (1.90706pt too wide) in paragraph at lines 62--63
[]\T1/aer/b/n/10 krakenUSD_1-min_data_2014-01-07_to_2017-05-31 \T1/aer/m/n/10 s
tores the data ob-tained
 []

LaTeX Font Info:    Try loading font information for T1+aett on input line 75.
("C:\Program Files (x86)\MiKTex2.9\tex\latex\ae\t1aett.fd"
File: t1aett.fd 1997/11/16 Font definitions for T1/aett.
)
LaTeX Font Info:    Try loading font information for TS1+aett on input line 78.


(C:/PROGRA~1/R/R-34~1.1/share/texmf/tex/latex\ts1aett.fd
File: ts1aett.fd 
)
LaTeX Font Info:    Try loading font information for TS1+cmtt on input line 78.


("C:\Program Files (x86)\MiKTex2.9\tex\latex\base\ts1cmtt.fd"
File: ts1cmtt.fd 2014/09/29 v2.5h Standard LaTeX font definitions
)
LaTeX Font Info:    Font shape `TS1/aett/m/sl' in size <10> not available
(Font)              Font shape `TS1/cmtt/m/sl' tried instead on input line 78.
<qqref.png, id=11, 682.80093pt x 365.86688pt>
File: qqref.png Graphic file (type png)
<use qqref.png>
Package pdftex.def Info: qqref.png  used on input line 91. on input line 91.
Package pdftex.def Info: Requested size: 276.00105pt x 147.89055pt on input lin
e 91.
 [2]
LaTeX Font Info:    Font shape `TS1/aett/m/n' in size <10> not available
(Font)              Font shape `TS1/cmtt/m/n' tried instead on input line 115.
 [3 <./qqref.png>]
<Report-003.pdf, id=24, pagebox=cropbox, 433.62pt x 433.62pt>
File: Report-003.pdf Graphic file (type pdf)
<use Report-003.pdf>
Package pdftex.def Info: Report-003.pdf  used on input line 129. on input line 
129.
Package pdftex.def Info: Requested size: 276.00105pt x 276.0139pt on input line
 129.
 [4 <./Report-003.pdf>]
<Report-004.pdf, id=33, pagebox=cropbox, 433.62pt x 433.62pt>
File: Report-004.pdf Graphic file (type pdf)
<use Report-004.pdf>
Package pdftex.def Info: Report-004.pdf  used on input line 149. on input line 
149.
Package pdftex.def Info: Requested size: 276.00105pt x 276.0139pt on input line
 149.
<Report-005.pdf, id=34, pagebox=cropbox, 433.62pt x 433.62pt>
File: Report-005.pdf Graphic file (type pdf)
<use Report-005.pdf>
Package pdftex.def Info: Report-005.pdf  used on input line 167. on input line 
167.
Package pdftex.def Info: Requested size: 276.00105pt x 276.0139pt on input line
 167.
 [5 <./Report-004.pdf>]
<Report-006.pdf, id=44, pagebox=cropbox, 433.62pt x 433.62pt>
File: Report-006.pdf Graphic file (type pdf)
<use Report-006.pdf>
Package pdftex.def Info: Report-006.pdf  used on input line 184. on input line 
184.
Package pdftex.def Info: Requested size: 276.00105pt x 276.0139pt on input line
 184.
 [6 <./Report-005.pdf>]
[7 <./Report-006.pdf>]
<Report-007.pdf, id=64, pagebox=cropbox, 433.62pt x 433.62pt>
File: Report-007.pdf Graphic file (type pdf)
<use Report-007.pdf>
Package pdftex.def Info: Report-007.pdf  used on input line 215. on input line 
215.
Package pdftex.def Info: Requested size: 276.00105pt x 276.0139pt on input line
 215.
 [8 <./Report-007.pdf>] [9] [10]
<Report-010.pdf, id=82, pagebox=cropbox, 433.62pt x 433.62pt>
File: Report-010.pdf Graphic file (type pdf)
<use Report-010.pdf>
Package pdftex.def Info: Report-010.pdf  used on input line 337. on input line 
337.
Package pdftex.def Info: Requested size: 276.00105pt x 276.0139pt on input line
 337.
 [11] [12 <./Report-010.pdf>]
<Report-011.pdf, id=95, pagebox=cropbox, 433.62pt x 433.62pt>
File: Report-011.pdf Graphic file (type pdf)
<use Report-011.pdf>
Package pdftex.def Info: Report-011.pdf  used on input line 364. on input line 
364.
Package pdftex.def Info: Requested size: 276.00105pt x 276.0139pt on input line
 364.
 [13 <./Report-011.pdf>]
<Report-012.pdf, id=105, pagebox=cropbox, 433.62pt x 433.62pt>
File: Report-012.pdf Graphic file (type pdf)
<use Report-012.pdf>
Package pdftex.def Info: Report-012.pdf  used on input line 399. on input line 
399.
Package pdftex.def Info: Requested size: 276.00105pt x 276.0139pt on input line
 399.
 [14] [15 <./Report-012.pdf>]
<Report-014.pdf, id=117, pagebox=cropbox, 433.62pt x 433.62pt>
File: Report-014.pdf Graphic file (type pdf)
<use Report-014.pdf>
Package pdftex.def Info: Report-014.pdf  used on input line 443. on input line 
443.
Package pdftex.def Info: Requested size: 276.00105pt x 276.0139pt on input line
 443.
 [16]
<Report-015.pdf, id=121, pagebox=cropbox, 433.62pt x 433.62pt>
File: Report-015.pdf Graphic file (type pdf)
<use Report-015.pdf>
Package pdftex.def Info: Report-015.pdf  used on input line 462. on input line 
462.
Package pdftex.def Info: Requested size: 276.00105pt x 276.0139pt on input line
 462.
 [17 <./Report-014.pdf>]
<Report-016.pdf, id=130, pagebox=cropbox, 433.62pt x 433.62pt>
File: Report-016.pdf Graphic file (type pdf)
<use Report-016.pdf>
Package pdftex.def Info: Report-016.pdf  used on input line 473. on input line 
473.
Package pdftex.def Info: Requested size: 276.00105pt x 276.0139pt on input line
 473.
 [18 <./Report-015.pdf>] [19 <./Report-016.pdf>]
<Report-018.pdf, id=149, pagebox=cropbox, 433.62pt x 433.62pt>
File: Report-018.pdf Graphic file (type pdf)
<use Report-018.pdf>
Package pdftex.def Info: Report-018.pdf  used on input line 524. on input line 
524.
Package pdftex.def Info: Requested size: 276.00105pt x 276.0139pt on input line
 524.

Overfull \hbox (33.63345pt too wide) in paragraph at lines 524--526
[] \T1/aer/m/n/10 From the $\OML/cmm/m/it/10 ACF$\T1/aer/m/n/10 /$\OML/cmm/m/it
/10 PACF$
 []

[20] [21 <./Report-018.pdf>]
<Report-019.pdf, id=164, pagebox=cropbox, 433.62pt x 433.62pt>
File: Report-019.pdf Graphic file (type pdf)
<use Report-019.pdf>
Package pdftex.def Info: Report-019.pdf  used on input line 548. on input line 
548.
Package pdftex.def Info: Requested size: 276.00105pt x 276.0139pt on input line
 548.
<Report-020.pdf, id=165, pagebox=cropbox, 433.62pt x 433.62pt>
File: Report-020.pdf Graphic file (type pdf)
<use Report-020.pdf>
Package pdftex.def Info: Report-020.pdf  used on input line 558. on input line 
558.
Package pdftex.def Info: Requested size: 276.00105pt x 276.0139pt on input line
 558.
 [22 <./Report-019.pdf>]
<Report-021.pdf, id=175, pagebox=cropbox, 433.62pt x 433.62pt>
File: Report-021.pdf Graphic file (type pdf)
<use Report-021.pdf>
Package pdftex.def Info: Report-021.pdf  used on input line 571. on input line 
571.
Package pdftex.def Info: Requested size: 276.00105pt x 276.0139pt on input line
 571.
 [23 <./Report-020.pdf>]
<Report-022.pdf, id=185, pagebox=cropbox, 433.62pt x 433.62pt>
File: Report-022.pdf Graphic file (type pdf)
<use Report-022.pdf>
Package pdftex.def Info: Report-022.pdf  used on input line 599. on input line 
599.
Package pdftex.def Info: Requested size: 276.00105pt x 276.0139pt on input line
 599.

[24 <./Report-021.pdf>] [25 <./Report-022.pdf>] (Report.aux) ) 
Here is how much of TeX's memory you used:
 13794 strings out of 493318
 245504 string characters out of 3136811
 276990 words of memory out of 3000000
 17129 multiletter control sequences out of 15000+200000
 558699 words of font info for 86 fonts, out of 3000000 for 9000
 1141 hyphenation exceptions out of 8191
 41i,6n,40p,10383b,322s stack positions out of 5000i,500n,10000p,200000b,50000s
 <C:\Users\Shambh
avi Singh\AppData\Local\MiKTeX\2.9\fonts\pk\ljfour\jknappen\ec\dpi600\tctt1000.
pk> <C:\Users\Shambhavi Singh\AppData\Local\MiKTeX\2.9\fonts\pk\ljfour\jknappen
\ec\dpi600\tcst1000.pk> <C:\Users\Shambhavi Singh\AppData\Local\MiKTeX\2.9\font
s\pk\ljfour\jknappen\ec\dpi600\tcrm1000.pk><C:/Program Files (x86)/MiKTex2.9/fo
nts/type1/public/amsfonts/cm/cmb10.pfb><C:/Program Files (x86)/MiKTex2.9/fonts/
type1/public/amsfonts/cm/cmex10.pfb><C:/Program Files (x86)/MiKTex2.9/fonts/typ
e1/public/amsfonts/cm/cmmi10.pfb><C:/Program Files (x86)/MiKTex2.9/fonts/type1/
public/amsfonts/cm/cmmi5.pfb><C:/Program Files (x86)/MiKTex2.9/fonts/type1/publ
ic/amsfonts/cm/cmmi7.pfb><C:/Program Files (x86)/MiKTex2.9/fonts/type1/public/a
msfonts/cm/cmr10.pfb><C:/Program Files (x86)/MiKTex2.9/fonts/type1/public/amsfo
nts/cm/cmr12.pfb><C:/Program Files (x86)/MiKTex2.9/fonts/type1/public/amsfonts/
cm/cmr17.pfb><C:/Program Files (x86)/MiKTex2.9/fonts/type1/public/amsfonts/cm/c
mr7.pfb><C:/Program Files (x86)/MiKTex2.9/fonts/type1/public/amsfonts/cm/cmsltt
10.pfb><C:/Program Files (x86)/MiKTex2.9/fonts/type1/public/amsfonts/cm/cmsy10.
pfb><C:/Program Files (x86)/MiKTex2.9/fonts/type1/public/amsfonts/cm/cmsy7.pfb>
<C:/Program Files (x86)/MiKTex2.9/fonts/type1/public/amsfonts/cm/cmtt10.pfb>
Output written on Report.pdf (25 pages, 37875544 bytes).
PDF statistics:
 258 PDF objects out of 1000 (max. 8388607)
 0 named destinations out of 1000 (max. 500000)
 90 words of extra memory for PDF output out of 10000 (max. 10000000)

